<?xml version="1.0" encoding="UTF-8"?>
<!-- Generated by org.testng.reporters.JUnitReportReporter -->
<testsuite skipped="0" hostname="DESKTOP-TCFRLFR" name="Module1.Email" tests="4" failures="0" timestamp="2020-06-03T23:07:02 IST" time="0.012" errors="0">
  <testcase name="tc01email" time="0.003" classname="Module1.Email"/>
  <system-out/>
  <testcase name="tc03email" time="0.002" classname="Module1.Email"/>
  <system-out/>
  <testcase name="tc03email" time="0.004" classname="Module1.Email"/>
  <system-out/>
  <testcase name="tc02email" time="0.003" classname="Module1.Email"/>
  <system-out/>
</testsuite> <!-- Module1.Email -->
