<?xml version="1.0" encoding="UTF-8"?>
<!-- Generated by org.testng.reporters.JUnitReportReporter -->
<testsuite skipped="0" hostname="DESKTOP-TCFRLFR" name="Module1.FBSignIn" tests="3" failures="0" timestamp="2020-06-04T19:44:27 IST" time="55.542" errors="0">
  <testcase name="f" time="13.145" classname="Module1.FBSignIn"/>
  <system-out/>
  <testcase name="f" time="25.591" classname="Module1.FBSignIn"/>
  <system-out/>
  <testcase name="f" time="16.806" classname="Module1.FBSignIn"/>
  <system-out/>
</testsuite> <!-- Module1.FBSignIn -->
