<?xml version="1.0" encoding="UTF-8"?>
<!-- Generated by org.testng.reporters.JUnitReportReporter -->
<testsuite skipped="0" hostname="DESKTOP-TCFRLFR" name="Module1.Payment" tests="3" failures="0" timestamp="2020-06-03T23:07:02 IST" time="0.036" errors="0">
  <testcase name="tc01pay" time="0.030" classname="Module1.Payment"/>
  <system-out/>
  <testcase name="tc02pay" time="0.004" classname="Module1.Payment"/>
  <system-out/>
  <testcase name="tc02pay" time="0.002" classname="Module1.Payment"/>
  <system-out/>
</testsuite> <!-- Module1.Payment -->
